<?xml version="1.0" encoding="UTF-8"?>
<!-- Generated by org.testng.reporters.JUnitReportReporter -->
<testsuite hostname="MacBook-Air.local" failures="0" tests="17" name="testcases.MyProfilePasswordTest" time="77.678" errors="0" timestamp="2025-05-08T13:10:52 IST" skipped="0">
  <testcase classname="testcases.MyProfilePasswordTest" name="TC01" time="3.909"/>
  <system-out/>
  <testcase classname="testcases.MyProfilePasswordTest" name="TC03" time="5.474"/>
  <system-out/>
  <testcase classname="testcases.MyProfilePasswordTest" name="TC04" time="4.615"/>
  <system-out/>
  <testcase classname="testcases.MyProfilePasswordTest" name="TC05" time="4.500"/>
  <system-out/>
  <testcase classname="testcases.MyProfilePasswordTest" name="TC06" time="5.615"/>
  <system-out/>
  <testcase classname="testcases.MyProfilePasswordTest" name="TC07" time="5.738"/>
  <system-out/>
  <testcase classname="testcases.MyProfilePasswordTest" name="TC08" time="5.555"/>
  <system-out/>
  <testcase classname="testcases.MyProfilePasswordTest" name="TC09" time="4.142"/>
  <system-out/>
  <testcase classname="testcases.MyProfilePasswordTest" name="TC10" time="4.091"/>
  <system-out/>
  <testcase classname="testcases.MyProfilePasswordTest" name="TC11" time="4.223"/>
  <system-out/>
  <testcase classname="testcases.MyProfilePasswordTest" name="TC12" time="4.229"/>
  <system-out/>
  <testcase classname="testcases.MyProfilePasswordTest" name="TC13" time="4.161"/>
  <system-out/>
  <testcase classname="testcases.MyProfilePasswordTest" name="TC14" time="4.109"/>
  <system-out/>
  <testcase classname="testcases.MyProfilePasswordTest" name="TC15" time="4.183"/>
  <system-out/>
  <testcase classname="testcases.MyProfilePasswordTest" name="TC16" time="4.535"/>
  <system-out/>
  <testcase classname="testcases.MyProfilePasswordTest" name="TC17" time="4.108"/>
  <system-out/>
  <testcase classname="testcases.MyProfilePasswordTest" name="TC18" time="4.491"/>
  <system-out/>
</testsuite> <!-- testcases.MyProfilePasswordTest -->
