<?xml version="1.0" encoding="UTF-8"?>
<!-- Generated by org.testng.reporters.JUnitReportReporter -->
<testsuite hostname="MacBook-Air.local" failures="0" tests="22" name="testcases.MyProfilePersonalInfoTest" time="148.883" errors="0" timestamp="2025-05-07T17:36:52 IST" skipped="0">
  <testcase classname="testcases.MyProfilePersonalInfoTest" name="TC01" time="5.631"/>
  <system-out/>
  <testcase classname="testcases.MyProfilePersonalInfoTest" name="TC02" time="5.729"/>
  <system-out/>
  <testcase classname="testcases.MyProfilePersonalInfoTest" name="TC03" time="5.862"/>
  <system-out/>
  <testcase classname="testcases.MyProfilePersonalInfoTest" name="TC05" time="6.307"/>
  <system-out/>
  <testcase classname="testcases.MyProfilePersonalInfoTest" name="TC06" time="5.688"/>
  <system-out/>
  <testcase classname="testcases.MyProfilePersonalInfoTest" name="TC08" time="8.964"/>
  <system-out/>
  <testcase classname="testcases.MyProfilePersonalInfoTest" name="TC10" time="6.824"/>
  <system-out/>
  <testcase classname="testcases.MyProfilePersonalInfoTest" name="TC11" time="7.279"/>
  <system-out/>
  <testcase classname="testcases.MyProfilePersonalInfoTest" name="TC12" time="7.257"/>
  <system-out/>
  <testcase classname="testcases.MyProfilePersonalInfoTest" name="TC13" time="6.996"/>
  <system-out/>
  <testcase classname="testcases.MyProfilePersonalInfoTest" name="TC14" time="6.928"/>
  <system-out/>
  <testcase classname="testcases.MyProfilePersonalInfoTest" name="TC15" time="6.442"/>
  <system-out/>
  <testcase classname="testcases.MyProfilePersonalInfoTest" name="TC16" time="6.440"/>
  <system-out/>
  <testcase classname="testcases.MyProfilePersonalInfoTest" name="TC17" time="6.917"/>
  <system-out/>
  <testcase classname="testcases.MyProfilePersonalInfoTest" name="TC18" time="6.980"/>
  <system-out/>
  <testcase classname="testcases.MyProfilePersonalInfoTest" name="TC20" time="6.570"/>
  <system-out/>
  <testcase classname="testcases.MyProfilePersonalInfoTest" name="TC21" time="7.370"/>
  <system-out/>
  <testcase classname="testcases.MyProfilePersonalInfoTest" name="TC22" time="6.789"/>
  <system-out/>
  <testcase classname="testcases.MyProfilePersonalInfoTest" name="TC23" time="6.982"/>
  <system-out/>
  <testcase classname="testcases.MyProfilePersonalInfoTest" name="TC24" time="6.911"/>
  <system-out/>
  <testcase classname="testcases.MyProfilePersonalInfoTest" name="TC25" time="7.035"/>
  <system-out/>
  <testcase classname="testcases.MyProfilePersonalInfoTest" name="TC26" time="6.982"/>
  <system-out/>
</testsuite> <!-- testcases.MyProfilePersonalInfoTest -->
