<?xml version="1.0" encoding="UTF-8"?>
<!-- Generated by org.testng.reporters.JUnitReportReporter -->
<testsuite hostname="MacBook-Air.local" failures="0" tests="9" name="testcases.ForgetPasswordTest" time="82.666" errors="0" timestamp="2025-05-06T16:21:08 IST" skipped="0">
  <testcase classname="testcases.ForgetPasswordTest" name="TC01" time="7.664"/>
  <system-out/>
  <testcase classname="testcases.ForgetPasswordTest" name="TC02" time="7.995"/>
  <system-out/>
  <testcase classname="testcases.ForgetPasswordTest" name="TC03" time="8.400"/>
  <system-out/>
  <testcase classname="testcases.ForgetPasswordTest" name="TC04" time="11.077"/>
  <system-out/>
  <testcase classname="testcases.ForgetPasswordTest" name="TC05" time="7.930"/>
  <system-out/>
  <testcase classname="testcases.ForgetPasswordTest" name="TC06" time="7.983"/>
  <system-out/>
  <testcase classname="testcases.ForgetPasswordTest" name="TC07" time="9.247"/>
  <system-out/>
  <testcase classname="testcases.ForgetPasswordTest" name="TC08" time="10.885"/>
  <system-out/>
  <testcase classname="testcases.ForgetPasswordTest" name="TC09" time="11.485"/>
  <system-out/>
</testsuite> <!-- testcases.ForgetPasswordTest -->
