<?xml version="1.0" encoding="UTF-8"?>
<!-- Generated by org.testng.reporters.JUnitReportReporter -->
<testsuite hostname="MacBook-Air.local" failures="0" tests="7" name="testcases.TwoFAEnableDisable" time="14.182" errors="0" timestamp="2025-05-09T18:24:38 IST" skipped="0">
  <testcase classname="testcases.TwoFAEnableDisable" name="TC01" time="0.589"/>
  <system-out/>
  <testcase classname="testcases.TwoFAEnableDisable" name="TC02" time="0.878"/>
  <system-out/>
  <testcase classname="testcases.TwoFAEnableDisable" name="TC03" time="0.206"/>
  <system-out/>
  <testcase classname="testcases.TwoFAEnableDisable" name="TC04" time="0.148"/>
  <system-out/>
  <testcase classname="testcases.TwoFAEnableDisable" name="TC05" time="7.347"/>
  <system-out/>
  <testcase classname="testcases.TwoFAEnableDisable" name="TC06" time="3.999"/>
  <system-out/>
  <testcase classname="testcases.TwoFAEnableDisable" name="TC07" time="1.015"/>
  <system-out/>
</testsuite> <!-- testcases.TwoFAEnableDisable -->
